➜  api-gateway git:(main) ✗ kubectl get pods             
NAME                                             READY   STATUS    RESTARTS   AGE
consul-api-gateway-controller-56d7c5bd75-2d7j5   1/1     Running   1          2m57s
consul-client-76qpg                              1/1     Running   0          43m
consul-client-hkxff                              1/1     Running   0          43m
consul-client-zmx9x                              1/1     Running   0          43m
consul-connect-injector-9c7644944-4z8ps          1/1     Running   0          43m
consul-connect-injector-9c7644944-thw2x          1/1     Running   0          43m
consul-controller-774b767b-7pltp                 1/1     Running   0          43m
consul-webhook-cert-manager-cbd46f96d-nq2hw      1/1     Running   0          43m
➜  api-gateway git:(main) ✗ kubectl logs consul-api-gateway-controller-56d7c5bd75-2d7j5
2022-05-05T21:46:49.528Z [INFO]  v2@v2.10.0/klog.go:921: consul-api-gateway-server.kubernetes-client: attempting to acquire leader lease default/consul-api-gateway.consul.hashicorp.com...

2022-05-05T21:46:49.529Z [INFO]  manager/internal.go:383: consul-api-gateway-server.controller-runtime: starting metrics server: path=/metrics
2022-05-05T21:47:08.125Z [INFO]  v2@v2.10.0/klog.go:921: consul-api-gateway-server.kubernetes-client: successfully acquired lease default/consul-api-gateway.consul.hashicorp.com

2022-05-05T21:47:08.125Z [INFO]  recorder/recorder.go:104: consul-api-gateway-server.controller-runtime.events: Normal: object="{ConfigMap default consul-api-gateway.consul.hashicorp.com 39ccd083-7162-439e-bdf7-82da69bc872c v1 16739 }" reason=LeaderElection message="consul-api-gateway-controller-56d7c5bd75-2d7j5_973e1b64-aacc-40bb-83dd-5c6a06d68880 became leader"
2022-05-05T21:47:08.125Z [INFO]  recorder/recorder.go:104: consul-api-gateway-server.controller-runtime.events: Normal: object="{Lease default consul-api-gateway.consul.hashicorp.com 8dfeb4da-08b3-4fae-b573-02b2aaaf5a5e coordination.k8s.io/v1 16741 }" reason=LeaderElection message="consul-api-gateway-controller-56d7c5bd75-2d7j5_973e1b64-aacc-40bb-83dd-5c6a06d68880 became leader"
2022-05-05T21:47:08.126Z [INFO]  controller/controller.go:165: consul-api-gateway-server.controller-runtime.controller.tcproute: Starting EventSource: reconciler group=gateway.networking.k8s.io reconciler kind=TCPRoute source="kind source: /, Kind="
2022-05-05T21:47:08.126Z [INFO]  controller/controller.go:165: consul-api-gateway-server.controller-runtime.controller.tcproute: Starting EventSource: reconciler group=gateway.networking.k8s.io reconciler kind=TCPRoute source="kind source: /, Kind="
2022-05-05T21:47:08.126Z [INFO]  controller/controller.go:173: consul-api-gateway-server.controller-runtime.controller.tcproute: Starting Controller: reconciler group=gateway.networking.k8s.io reconciler kind=TCPRoute
2022-05-05T21:47:08.126Z [INFO]  controller/controller.go:165: consul-api-gateway-server.controller-runtime.controller.gatewayclassconfig: Starting EventSource: reconciler group=api-gateway.consul.hashicorp.com reconciler kind=GatewayClassConfig source="kind source: /, Kind="
2022-05-05T21:47:08.126Z [INFO]  controller/controller.go:173: consul-api-gateway-server.controller-runtime.controller.gatewayclassconfig: Starting Controller: reconciler group=api-gateway.consul.hashicorp.com reconciler kind=GatewayClassConfig
2022-05-05T21:47:08.126Z [INFO]  controller/controller.go:165: consul-api-gateway-server.controller-runtime.controller.gatewayclass: Starting EventSource: reconciler group=gateway.networking.k8s.io reconciler kind=GatewayClass source="kind source: /, Kind="
2022-05-05T21:47:08.126Z [INFO]  controller/controller.go:173: consul-api-gateway-server.controller-runtime.controller.gatewayclass: Starting Controller: reconciler group=gateway.networking.k8s.io reconciler kind=GatewayClass
2022-05-05T21:47:08.127Z [INFO]  controller/controller.go:165: consul-api-gateway-server.controller-runtime.controller.gateway: Starting EventSource: reconciler group=gateway.networking.k8s.io reconciler kind=Gateway source="kind source: /, Kind="
2022-05-05T21:47:08.127Z [INFO]  controller/controller.go:165: consul-api-gateway-server.controller-runtime.controller.gateway: Starting EventSource: reconciler group=gateway.networking.k8s.io reconciler kind=Gateway source="kind source: /, Kind="
2022-05-05T21:47:08.127Z [INFO]  controller/controller.go:165: consul-api-gateway-server.controller-runtime.controller.gateway: Starting EventSource: reconciler group=gateway.networking.k8s.io reconciler kind=Gateway source="kind source: /, Kind="
2022-05-05T21:47:08.127Z [INFO]  controller/controller.go:165: consul-api-gateway-server.controller-runtime.controller.gateway: Starting EventSource: reconciler group=gateway.networking.k8s.io reconciler kind=Gateway source="kind source: /, Kind="
2022-05-05T21:47:08.127Z [INFO]  controller/controller.go:165: consul-api-gateway-server.controller-runtime.controller.gateway: Starting EventSource: reconciler group=gateway.networking.k8s.io reconciler kind=Gateway source="kind source: /, Kind="
2022-05-05T21:47:08.127Z [INFO]  controller/controller.go:173: consul-api-gateway-server.controller-runtime.controller.gateway: Starting Controller: reconciler group=gateway.networking.k8s.io reconciler kind=Gateway
2022-05-05T21:47:08.127Z [INFO]  controller/controller.go:165: consul-api-gateway-server.controller-runtime.controller.httproute: Starting EventSource: reconciler group=gateway.networking.k8s.io reconciler kind=HTTPRoute source="kind source: /, Kind="
2022-05-05T21:47:08.127Z [INFO]  controller/controller.go:165: consul-api-gateway-server.controller-runtime.controller.httproute: Starting EventSource: reconciler group=gateway.networking.k8s.io reconciler kind=HTTPRoute source="kind source: /, Kind="
2022-05-05T21:47:08.127Z [INFO]  controller/controller.go:173: consul-api-gateway-server.controller-runtime.controller.httproute: Starting Controller: reconciler group=gateway.networking.k8s.io reconciler kind=HTTPRoute
2022-05-05T21:47:08.144Z [ERROR] k8s/logger.go:23: consul-api-gateway-server.kubernetes-client: pkg/mod/k8s.io/client-go@v0.22.1/tools/cache/reflector.go:167: Failed to watch *v1alpha2.ReferencePolicy: failed to list *v1alpha2.ReferencePolicy: referencepolicies.gateway.networking.k8s.io is forbidden: User "system:serviceaccount:default:consul-api-gateway-controller" cannot list resource "referencepolicies" in API group "gateway.networking.k8s.io" at the cluster scope
: error=<nil>
2022-05-05T21:47:09.142Z [ERROR] k8s/logger.go:23: consul-api-gateway-server.kubernetes-client: pkg/mod/k8s.io/client-go@v0.22.1/tools/cache/reflector.go:167: Failed to watch *v1alpha2.ReferencePolicy: failed to list *v1alpha2.ReferencePolicy: referencepolicies.gateway.networking.k8s.io is forbidden: User "system:serviceaccount:default:consul-api-gateway-controller" cannot list resource "referencepolicies" in API group "gateway.networking.k8s.io" at the cluster scope
: error=<nil>
2022-05-05T21:47:11.570Z [ERROR] k8s/logger.go:23: consul-api-gateway-server.kubernetes-client: pkg/mod/k8s.io/client-go@v0.22.1/tools/cache/reflector.go:167: Failed to watch *v1alpha2.ReferencePolicy: failed to list *v1alpha2.ReferencePolicy: referencepolicies.gateway.networking.k8s.io is forbidden: User "system:serviceaccount:default:consul-api-gateway-controller" cannot list resource "referencepolicies" in API group "gateway.networking.k8s.io" at the cluster scope
: error=<nil>
2022-05-05T21:47:15.890Z [ERROR] k8s/logger.go:23: consul-api-gateway-server.kubernetes-client: pkg/mod/k8s.io/client-go@v0.22.1/tools/cache/reflector.go:167: Failed to watch *v1alpha2.ReferencePolicy: failed to list *v1alpha2.ReferencePolicy: referencepolicies.gateway.networking.k8s.io is forbidden: User "system:serviceaccount:default:consul-api-gateway-controller" cannot list resource "referencepolicies" in API group "gateway.networking.k8s.io" at the cluster scope
: error=<nil>
2022-05-05T21:47:24.810Z [ERROR] k8s/logger.go:23: consul-api-gateway-server.kubernetes-client: pkg/mod/k8s.io/client-go@v0.22.1/tools/cache/reflector.go:167: Failed to watch *v1alpha2.ReferencePolicy: failed to list *v1alpha2.ReferencePolicy: referencepolicies.gateway.networking.k8s.io is forbidden: User "system:serviceaccount:default:consul-api-gateway-controller" cannot list resource "referencepolicies" in API group "gateway.networking.k8s.io" at the cluster scope
: error=<nil>